<?xml version="1.0" encoding="UTF-8"?>
<!-- Generated by org.testng.reporters.JUnitReportReporter -->
<testsuite ignored="12" hostname="EXO-BLR-LT214" failures="0" tests="4" name="com.api.ApiTest.apiTest" time="5.824" errors="0" timestamp="30 May 2020 06:57:37 GMT" skipped="0">
  <testcase classname="com.api.ApiTest.apiTest" name="updateUsers" time="0.809"/>
  <testcase classname="com.api.ApiTest.apiTest" name="deleteUsers" time="0.582"/>
  <testcase classname="com.api.ApiTest.apiTest" name="listUsers" time="3.282"/>
  <testcase classname="com.api.ApiTest.apiTest" name="createUsers" time="1.151"/>
  <testcase classname="com.api.ApiTest.apiTest" name="createUsers">
    <skipped/>
  </testcase> <!-- createUsers -->
  <testcase classname="com.api.ApiTest.apiTest" name="deleteUsers">
    <skipped/>
  </testcase> <!-- deleteUsers -->
  <testcase classname="com.api.ApiTest.apiTest" name="deleteUsers">
    <skipped/>
  </testcase> <!-- deleteUsers -->
  <testcase classname="com.api.ApiTest.apiTest" name="createUsers">
    <skipped/>
  </testcase> <!-- createUsers -->
  <testcase classname="com.api.ApiTest.apiTest" name="deleteUsers">
    <skipped/>
  </testcase> <!-- deleteUsers -->
  <testcase classname="com.api.ApiTest.apiTest" name="createUsers">
    <skipped/>
  </testcase> <!-- createUsers -->
  <testcase classname="com.api.ApiTest.apiTest" name="updateUsers">
    <skipped/>
  </testcase> <!-- updateUsers -->
  <testcase classname="com.api.ApiTest.apiTest" name="updateUsers">
    <skipped/>
  </testcase> <!-- updateUsers -->
  <testcase classname="com.api.ApiTest.apiTest" name="updateUsers">
    <skipped/>
  </testcase> <!-- updateUsers -->
  <testcase classname="com.api.ApiTest.apiTest" name="listUsers">
    <skipped/>
  </testcase> <!-- listUsers -->
  <testcase classname="com.api.ApiTest.apiTest" name="listUsers">
    <skipped/>
  </testcase> <!-- listUsers -->
  <testcase classname="com.api.ApiTest.apiTest" name="listUsers">
    <skipped/>
  </testcase> <!-- listUsers -->
</testsuite> <!-- com.api.ApiTest.apiTest -->
